Arguments: 
  /usr/local/bin/node /Users/brianreed/.npm-global/bin/yarn publish

PATH: 
  /Users/brianreed/.npm-global/bin:/usr/local/bin:/opt/homebrew/bin:/opt/homebrew/sbin:/usr/local/bin:/usr/bin:/bin:/usr/sbin:/sbin:/Users/brianreed/.npm-global/bin:/opt/homebrew/bin:/opt/homebrew/sbin

Yarn version: 
  1.22.19

Node version: 
  16.17.1

Platform: 
  darwin arm64

Trace: 
  Error: canceled
      at Interface.<anonymous> (/Users/brianreed/.npm-global/lib/node_modules/yarn/lib/cli.js:137150:13)
      at Interface.emit (node:events:513:28)
      at Interface._ttyWrite (node:readline:1085:16)
      at ReadStream.onkeypress (node:readline:291:10)
      at ReadStream.emit (node:events:513:28)
      at emitKeys (node:internal/readline/utils:357:14)
      at emitKeys.next (<anonymous>)
      at ReadStream.onData (node:internal/readline/emitKeypressEvents:61:36)
      at ReadStream.emit (node:events:513:28)
      at addChunk (node:internal/streams/readable:315:12)

npm manifest: 
  {
      "name": "backtick2",
      "version": "1.0.0",
      "description": "The Unpackaged Backtick Chrome Extension",
      "main": "index.js",
      "scripts": {
          "test": "echo \"No test specified\" && exit 0",
          "build": "webpack --mode=development",
          "publish": "webpack --mode=production && npx ts-node src/tools/zip.ts"
      },
      "repository": {
          "type": "git",
          "url": "git+https://iambriansreed@github.com/backtickbacktick/Backtick2.git"
      },
      "author": "Brian Reed <me@iambrian.com> (http://iambrian.com)",
      "license": "MIT",
      "bugs": {
          "url": "https://github.com/backtickbacktick/Backtick2/issues"
      },
      "homepage": "https://github.com/backtickbacktick/Backtick2#readme",
      "devDependencies": {
          "@types/chrome": "^0.0.197",
          "@typescript-eslint/eslint-plugin": "^5.38.1",
          "eslint": "^8.24.0",
          "eslint-config-prettier": "^8.5.0",
          "eslint-config-standard-with-typescript": "^23.0.0",
          "eslint-plugin-import": "^2.26.0",
          "eslint-plugin-n": "^15.3.0",
          "eslint-plugin-prettier": "^4.2.1",
          "eslint-plugin-promise": "^6.0.1",
          "file-loader": "^6.2.0",
          "jszip": "^3.10.1",
          "node-sass": "^7.0.3",
          "remove-files-webpack-plugin": "^1.5.0",
          "sass-loader": "^13.0.2",
          "ts-loader": "^9.4.1",
          "typescript": "^4.8.4",
          "webpack": "^5.74.0",
          "webpack-cli": "^4.10.0"
      }
  }

yarn manifest: 
  No manifest

Lockfile: 
  No lockfile
